[2025-05-15T23:04:30.862133+00:00] UserService.INFO: RabbitMQ connected [] []
[2025-05-15T23:04:30.875237+00:00] UserService.INFO: Database connected [] []
[2025-05-15T23:04:30.875331+00:00] UserService.INFO: Request: GET /users/, Role: guest, UserID:  [] []
[2025-05-15T23:04:30.875363+00:00] UserService.WARNING: Forbidden: User  with role guest tried to list all users. [] []
[2025-05-15T23:04:46.398377+00:00] UserService.INFO: RabbitMQ connected [] []
[2025-05-15T23:04:46.399773+00:00] UserService.INFO: Database connected [] []
[2025-05-15T23:04:46.399817+00:00] UserService.INFO: Request: POST /users, Role: guest, UserID:  [] []
[2025-05-15T23:04:46.601685+00:00] UserService.INFO: User created with ID: 3 [] []
[2025-05-15T23:04:46.602549+00:00] UserService.INFO: Message published to user_created_queue for user ID 3 [] []
[2025-05-16T07:05:30.919094+00:00] UserService.INFO: RabbitMQ connected [] []
[2025-05-16T07:05:30.933169+00:00] UserService.INFO: Database connected [] []
[2025-05-16T07:05:30.933316+00:00] UserService.INFO: Request: GET /users, Role: guest, UserID:  [] []
[2025-05-16T07:05:30.933358+00:00] UserService.WARNING: Forbidden: User  with role guest tried to list all users. [] []
[2025-05-16T07:05:38.450093+00:00] UserService.INFO: RabbitMQ connected [] []
[2025-05-16T07:05:38.453373+00:00] UserService.INFO: Database connected [] []
[2025-05-16T07:05:38.453525+00:00] UserService.INFO: Request: GET /users/1, Role: guest, UserID:  [] []
[2025-05-16T07:05:38.453651+00:00] UserService.WARNING: Forbidden: User  tried to access user 1 [] []
[2025-05-16T07:08:15.320646+00:00] UserService.INFO: RabbitMQ connected [] []
[2025-05-16T07:08:15.323401+00:00] UserService.INFO: Database connected [] []
[2025-05-16T07:08:15.323506+00:00] UserService.INFO: Request: POST /users, Role: admin, UserID: 100 [] []
[2025-05-16T07:08:15.518235+00:00] UserService.INFO: User created with ID: 3 [] []
[2025-05-16T07:08:15.519427+00:00] UserService.INFO: Message published to user_created_queue for user ID 3 [] []
[2025-05-16T07:08:46.407030+00:00] UserService.INFO: RabbitMQ connected [] []
[2025-05-16T07:08:46.409801+00:00] UserService.INFO: Database connected [] []
[2025-05-16T07:08:46.409900+00:00] UserService.INFO: Request: POST /users, Role: admin, UserID: 100 [] []
[2025-05-16T07:08:46.523771+00:00] UserService.ERROR: Error creating user: SQLSTATE[23000]: Integrity constraint violation: 1062 Duplicate entry 'super.admin@example.com' for key 'users.email' [] []
[2025-05-16T08:21:29.204662+00:00] UserService.INFO: RabbitMQ connected [] []
[2025-05-16T08:21:29.208506+00:00] UserService.INFO: Database connected [] []
[2025-05-16T08:21:29.208695+00:00] UserService.INFO: Request: GET /users, Role: guest, UserID:  [] []
[2025-05-16T08:21:29.208746+00:00] UserService.WARNING: Forbidden: User  with role guest tried to list all users. [] []
[2025-05-16T08:26:55.029530+00:00] UserService.INFO: RabbitMQ connected [] []
[2025-05-16T08:26:55.032319+00:00] UserService.INFO: Database connected [] []
[2025-05-16T08:26:55.032424+00:00] UserService.INFO: Request: GET /users, Role: guest, UserID:  [] []
[2025-05-16T08:26:55.032466+00:00] UserService.WARNING: Forbidden: User  with role guest tried to list all users. [] []
