[2025-05-15T20:35:33.511294+00:00] APIGateway.INFO: Gateway received: GET / [] []
[2025-05-15T20:35:33.512156+00:00] APIGateway.WARNING: Unknown route: / [] []
[2025-05-15T20:35:52.600599+00:00] APIGateway.INFO: Gateway received: GET / [] []
[2025-05-15T20:35:52.601577+00:00] APIGateway.WARNING: Unknown route: / [] []
[2025-05-15T20:35:54.839968+00:00] APIGateway.INFO: Gateway received: GET / [] []
[2025-05-15T20:35:54.840563+00:00] APIGateway.WARNING: Unknown route: / [] []
[2025-05-15T21:56:56.349603+00:00] APIGateway.INFO: Gateway received: GET / [] []
[2025-05-15T21:56:56.350428+00:00] APIGateway.WARNING: Unknown route: / [] []
[2025-05-15T22:06:23.161203+00:00] APIGateway.INFO: Gateway received: GET / [] []
[2025-05-15T22:06:23.162405+00:00] APIGateway.WARNING: Unknown route: / [] []
[2025-05-15T22:06:24.000417+00:00] APIGateway.INFO: Gateway received: GET / [] []
[2025-05-15T22:06:24.001744+00:00] APIGateway.WARNING: Unknown route: / [] []
[2025-05-15T22:06:24.653082+00:00] APIGateway.INFO: Gateway received: GET / [] []
[2025-05-15T22:06:24.654300+00:00] APIGateway.WARNING: Unknown route: / [] []
[2025-05-15T22:06:44.993098+00:00] APIGateway.INFO: Gateway received: GET / [] []
[2025-05-15T22:06:44.994675+00:00] APIGateway.WARNING: Unknown route: / [] []
[2025-05-15T22:06:45.708338+00:00] APIGateway.INFO: Gateway received: GET / [] []
[2025-05-15T22:06:45.709767+00:00] APIGateway.WARNING: Unknown route: / [] []
[2025-05-15T22:06:46.478284+00:00] APIGateway.INFO: Gateway received: GET / [] []
[2025-05-15T22:06:46.479685+00:00] APIGateway.WARNING: Unknown route: / [] []
[2025-05-15T22:07:49.804074+00:00] APIGateway.INFO: Gateway received: GET / [] []
[2025-05-15T22:07:49.804873+00:00] APIGateway.WARNING: Unknown route: / [] []
[2025-05-15T22:07:50.840158+00:00] APIGateway.INFO: Gateway received: GET / [] []
[2025-05-15T22:07:50.841449+00:00] APIGateway.WARNING: Unknown route: / [] []
[2025-05-15T22:07:51.482794+00:00] APIGateway.INFO: Gateway received: GET / [] []
[2025-05-15T22:07:51.483618+00:00] APIGateway.WARNING: Unknown route: / [] []
[2025-05-15T22:13:44.905435+00:00] APIGateway.INFO: Gateway received: GET / [] []
[2025-05-15T22:13:44.907379+00:00] APIGateway.DEBUG: Checking against '/api/users'. strpos result: NO MATCH [] []
[2025-05-15T22:13:44.907436+00:00] APIGateway.DEBUG: Checking against '/api/products'. strpos result: NO MATCH [] []
[2025-05-15T22:13:44.907469+00:00] APIGateway.WARNING: Unknown route: / [] []
[2025-05-15T22:14:14.700611+00:00] APIGateway.INFO: Gateway received: GET / [] []
[2025-05-15T22:14:14.701884+00:00] APIGateway.DEBUG: Checking against '/api/users'. strpos result: NO MATCH [] []
[2025-05-15T22:14:14.701944+00:00] APIGateway.DEBUG: Checking against '/api/products'. strpos result: NO MATCH [] []
[2025-05-15T22:14:14.701979+00:00] APIGateway.WARNING: Unknown route: / [] []
[2025-05-15T22:15:15.232841+00:00] APIGateway.INFO: Gateway received: GET / [] []
[2025-05-15T22:15:15.233645+00:00] APIGateway.WARNING: Unknown route: / [] []
[2025-05-15T22:15:50.216310+00:00] APIGateway.INFO: Gateway received: GET / [] []
[2025-05-15T22:15:50.217031+00:00] APIGateway.WARNING: Unknown route: / [] []
[2025-05-15T22:15:51.171874+00:00] APIGateway.INFO: Gateway received: GET / [] []
[2025-05-15T22:15:51.172734+00:00] APIGateway.WARNING: Unknown route: / [] []
[2025-05-15T22:15:51.742944+00:00] APIGateway.INFO: Gateway received: GET / [] []
[2025-05-15T22:15:51.743978+00:00] APIGateway.WARNING: Unknown route: / [] []
[2025-05-15T22:16:57.862063+00:00] APIGateway.INFO: Gateway received: GET / [] []
[2025-05-15T22:16:57.862945+00:00] APIGateway.WARNING: Unknown route: / [] []
[2025-05-15T22:35:00.887665+00:00] APIGateway.INFO: Gateway received: GET /api/users [] []
[2025-05-15T22:35:00.888451+00:00] APIGateway.DEBUG: Checking against '/api/users'. strpos result: MATCH [] []
[2025-05-15T22:35:00.888477+00:00] APIGateway.DEBUG: Checking against '/api/products'. strpos result: NO MATCH [] []
[2025-05-15T22:35:00.888495+00:00] APIGateway.INFO: Routing to UserService: http://user_service_app/users [] []
[2025-05-15T22:35:00.938762+00:00] APIGateway.INFO: Response from http://user_service_app/users [404] [] []
[2025-05-15T22:35:01.091476+00:00] APIGateway.INFO: Gateway received: GET /favicon.ico [] []
[2025-05-15T22:35:01.092074+00:00] APIGateway.DEBUG: Checking against '/api/users'. strpos result: NO MATCH [] []
[2025-05-15T22:35:01.092097+00:00] APIGateway.DEBUG: Checking against '/api/products'. strpos result: NO MATCH [] []
[2025-05-15T22:35:01.092115+00:00] APIGateway.WARNING: Unknown route: /favicon.ico [] []
[2025-05-15T22:35:38.109695+00:00] APIGateway.INFO: Gateway received: GET /api/users/1 [] []
[2025-05-15T22:35:38.110619+00:00] APIGateway.DEBUG: Checking against '/api/users'. strpos result: MATCH [] []
[2025-05-15T22:35:38.110652+00:00] APIGateway.DEBUG: Checking against '/api/products'. strpos result: NO MATCH [] []
[2025-05-15T22:35:38.110675+00:00] APIGateway.INFO: Routing to UserService: http://user_service_app/users/1 [] []
[2025-05-15T22:35:38.112010+00:00] APIGateway.INFO: Response from http://user_service_app/users/1 [404] [] []
[2025-05-15T22:37:37.904092+00:00] APIGateway.INFO: Gateway received: POST /api/users [] []
[2025-05-15T22:37:37.905454+00:00] APIGateway.DEBUG: Checking against '/api/users'. strpos result: MATCH [] []
[2025-05-15T22:37:37.905505+00:00] APIGateway.DEBUG: Checking against '/api/products'. strpos result: NO MATCH [] []
[2025-05-15T22:37:37.905542+00:00] APIGateway.INFO: Routing to UserService: http://user_service_app/users [] []
[2025-05-15T22:37:37.907167+00:00] APIGateway.INFO: Response from http://user_service_app/users [404] [] []
[2025-05-15T22:38:08.598813+00:00] APIGateway.INFO: Gateway received: GET /api/users/1 [] []
[2025-05-15T22:38:08.599564+00:00] APIGateway.DEBUG: Checking against '/api/users'. strpos result: MATCH [] []
[2025-05-15T22:38:08.599592+00:00] APIGateway.DEBUG: Checking against '/api/products'. strpos result: NO MATCH [] []
[2025-05-15T22:38:08.599610+00:00] APIGateway.INFO: Routing to UserService: http://user_service_app/users/1 [] []
[2025-05-15T22:38:08.600637+00:00] APIGateway.INFO: Response from http://user_service_app/users/1 [404] [] []
[2025-05-15T22:38:32.102979+00:00] APIGateway.INFO: Gateway received: GET /api/users/1 [] []
[2025-05-15T22:38:32.104037+00:00] APIGateway.DEBUG: Checking against '/api/users'. strpos result: MATCH [] []
[2025-05-15T22:38:32.104069+00:00] APIGateway.DEBUG: Checking against '/api/products'. strpos result: NO MATCH [] []
[2025-05-15T22:38:32.104090+00:00] APIGateway.INFO: Routing to UserService: http://user_service_app/users/1 [] []
[2025-05-15T22:38:32.105194+00:00] APIGateway.INFO: Response from http://user_service_app/users/1 [404] [] []
[2025-05-15T22:38:32.830482+00:00] APIGateway.INFO: Gateway received: GET /api/users/1 [] []
[2025-05-15T22:38:32.831833+00:00] APIGateway.DEBUG: Checking against '/api/users'. strpos result: MATCH [] []
[2025-05-15T22:38:32.831895+00:00] APIGateway.DEBUG: Checking against '/api/products'. strpos result: NO MATCH [] []
[2025-05-15T22:38:32.831935+00:00] APIGateway.INFO: Routing to UserService: http://user_service_app/users/1 [] []
[2025-05-15T22:38:32.833423+00:00] APIGateway.INFO: Response from http://user_service_app/users/1 [404] [] []
[2025-05-15T22:38:54.875850+00:00] APIGateway.INFO: Gateway received: GET /api/users/1 [] []
[2025-05-15T22:38:54.877264+00:00] APIGateway.DEBUG: Checking against '/api/users'. strpos result: MATCH [] []
[2025-05-15T22:38:54.877318+00:00] APIGateway.DEBUG: Checking against '/api/products'. strpos result: NO MATCH [] []
[2025-05-15T22:38:54.877357+00:00] APIGateway.INFO: Routing to UserService: http://user_service_app/users/1 [] []
[2025-05-15T22:38:54.879003+00:00] APIGateway.INFO: Response from http://user_service_app/users/1 [404] [] []
[2025-05-15T22:41:56.326406+00:00] APIGateway.INFO: Gateway received: GET /api/users/ [] []
[2025-05-15T22:41:56.327198+00:00] APIGateway.DEBUG: Checking against '/api/users'. strpos result: MATCH [] []
[2025-05-15T22:41:56.327247+00:00] APIGateway.DEBUG: Checking against '/api/products'. strpos result: NO MATCH [] []
[2025-05-15T22:41:56.327275+00:00] APIGateway.INFO: Routing to UserService: http://user_service_app/users/ [] []
[2025-05-15T22:41:56.328361+00:00] APIGateway.INFO: Response from http://user_service_app/users/ [404] [] []
[2025-05-15T22:42:20.009526+00:00] APIGateway.INFO: Gateway received: GET /users/ [] []
[2025-05-15T22:42:20.010165+00:00] APIGateway.DEBUG: Checking against '/api/users'. strpos result: NO MATCH [] []
[2025-05-15T22:42:20.010189+00:00] APIGateway.DEBUG: Checking against '/api/products'. strpos result: NO MATCH [] []
[2025-05-15T22:42:20.010214+00:00] APIGateway.WARNING: Unknown route: /users/ [] []
[2025-05-15T22:46:17.890539+00:00] APIGateway.INFO: Gateway received: GET /api/users/ [] []
[2025-05-15T22:46:17.891485+00:00] APIGateway.DEBUG: Checking against '/api/users'. strpos result: MATCH [] []
[2025-05-15T22:46:17.891521+00:00] APIGateway.DEBUG: Checking against '/api/products'. strpos result: NO MATCH [] []
[2025-05-15T22:46:17.891560+00:00] APIGateway.INFO: Routing to UserService: http://user_service_app/users/ [] []
[2025-05-15T22:46:17.893126+00:00] APIGateway.INFO: Response from http://user_service_app/users/ [404] [] []
[2025-05-15T22:46:57.575009+00:00] APIGateway.INFO: Gateway received: GET /api/users/ [] []
[2025-05-15T22:46:57.575846+00:00] APIGateway.DEBUG: Checking against '/api/users'. strpos result: MATCH [] []
[2025-05-15T22:46:57.575906+00:00] APIGateway.DEBUG: Checking against '/api/products'. strpos result: NO MATCH [] []
[2025-05-15T22:46:57.575961+00:00] APIGateway.INFO: Routing to UserService: http://user_service_app/users/ [] []
[2025-05-15T22:46:57.576756+00:00] APIGateway.INFO: Response from http://user_service_app/users/ [404] [] []
[2025-05-15T22:47:07.002194+00:00] APIGateway.INFO: Gateway received: GET /api/users/ [] []
[2025-05-15T22:47:07.003554+00:00] APIGateway.DEBUG: Checking against '/api/users'. strpos result: MATCH [] []
[2025-05-15T22:47:07.003598+00:00] APIGateway.DEBUG: Checking against '/api/products'. strpos result: NO MATCH [] []
[2025-05-15T22:47:07.003652+00:00] APIGateway.INFO: Routing to UserService: http://user_service_app/users/ [] []
[2025-05-15T22:47:07.004778+00:00] APIGateway.INFO: Response from http://user_service_app/users/ [404] [] []
[2025-05-15T22:47:07.736815+00:00] APIGateway.INFO: Gateway received: GET /api/users/ [] []
[2025-05-15T22:47:07.738231+00:00] APIGateway.DEBUG: Checking against '/api/users'. strpos result: MATCH [] []
[2025-05-15T22:47:07.738335+00:00] APIGateway.DEBUG: Checking against '/api/products'. strpos result: NO MATCH [] []
[2025-05-15T22:47:07.738431+00:00] APIGateway.INFO: Routing to UserService: http://user_service_app/users/ [] []
[2025-05-15T22:47:07.739707+00:00] APIGateway.INFO: Response from http://user_service_app/users/ [404] [] []
[2025-05-15T22:47:42.945702+00:00] APIGateway.INFO: Gateway received: GET /api/users/ [] []
[2025-05-15T22:47:42.946395+00:00] APIGateway.DEBUG: Checking against '/api/users'. strpos result: MATCH [] []
[2025-05-15T22:47:42.946423+00:00] APIGateway.DEBUG: Checking against '/api/products'. strpos result: NO MATCH [] []
[2025-05-15T22:47:42.946451+00:00] APIGateway.INFO: Routing to UserService: http://user_service_app/users/ [] []
[2025-05-15T22:47:42.947534+00:00] APIGateway.INFO: Response from http://user_service_app/users/ [404] [] []
[2025-05-15T22:48:40.716211+00:00] APIGateway.INFO: Gateway received: GET /api/users/ [] []
[2025-05-15T22:48:40.716890+00:00] APIGateway.DEBUG: Checking against '/api/users'. strpos result: MATCH [] []
[2025-05-15T22:48:40.716915+00:00] APIGateway.DEBUG: Checking against '/api/products'. strpos result: NO MATCH [] []
[2025-05-15T22:48:40.716953+00:00] APIGateway.INFO: Routing to UserService: http://user_service_app/users/ [] []
[2025-05-15T22:48:40.717716+00:00] APIGateway.INFO: Response from http://user_service_app/users/ [404] [] []
[2025-05-15T22:50:09.779537+00:00] APIGateway.INFO: Gateway received: GET /api/users/ [] []
[2025-05-15T22:50:09.780212+00:00] APIGateway.DEBUG: Checking against '/api/users'. strpos result: MATCH [] []
[2025-05-15T22:50:09.780239+00:00] APIGateway.DEBUG: Checking against '/api/products'. strpos result: NO MATCH [] []
[2025-05-15T22:50:09.780267+00:00] APIGateway.INFO: Routing to UserService: http://user_service_app/users/ [] []
[2025-05-15T22:50:09.781001+00:00] APIGateway.INFO: Response from http://user_service_app/users/ [404] [] []
[2025-05-15T22:50:28.076126+00:00] APIGateway.INFO: Gateway received: GET /api/users/ [] []
[2025-05-15T22:50:28.077071+00:00] APIGateway.DEBUG: Checking against '/api/users'. strpos result: MATCH [] []
[2025-05-15T22:50:28.077106+00:00] APIGateway.DEBUG: Checking against '/api/products'. strpos result: NO MATCH [] []
[2025-05-15T22:50:28.077128+00:00] APIGateway.INFO: Routing to UserService: http://user_service_app/users/ [] []
[2025-05-15T22:50:28.077976+00:00] APIGateway.INFO: Response from http://user_service_app/users/ [404] [] []
[2025-05-15T22:58:24.460514+00:00] APIGateway.INFO: Gateway received: GET /api/users/ [] []
[2025-05-15T22:58:24.461189+00:00] APIGateway.DEBUG: Checking against '/api/users'. strpos result: MATCH [] []
[2025-05-15T22:58:24.461216+00:00] APIGateway.DEBUG: Checking against '/api/products'. strpos result: NO MATCH [] []
[2025-05-15T22:58:24.461233+00:00] APIGateway.INFO: Routing to UserService: http://user_service_app/users/ [] []
[2025-05-15T22:58:24.462015+00:00] APIGateway.INFO: Response from http://user_service_app/users/ [404] [] []
[2025-05-15T22:58:25.504797+00:00] APIGateway.INFO: Gateway received: GET /api/users/ [] []
[2025-05-15T22:58:25.506339+00:00] APIGateway.DEBUG: Checking against '/api/users'. strpos result: MATCH [] []
[2025-05-15T22:58:25.506396+00:00] APIGateway.DEBUG: Checking against '/api/products'. strpos result: NO MATCH [] []
[2025-05-15T22:58:25.506433+00:00] APIGateway.INFO: Routing to UserService: http://user_service_app/users/ [] []
[2025-05-15T22:58:25.507671+00:00] APIGateway.INFO: Response from http://user_service_app/users/ [404] [] []
[2025-05-15T22:58:26.221394+00:00] APIGateway.INFO: Gateway received: GET /api/users/ [] []
[2025-05-15T22:58:26.222603+00:00] APIGateway.DEBUG: Checking against '/api/users'. strpos result: MATCH [] []
[2025-05-15T22:58:26.222654+00:00] APIGateway.DEBUG: Checking against '/api/products'. strpos result: NO MATCH [] []
[2025-05-15T22:58:26.222691+00:00] APIGateway.INFO: Routing to UserService: http://user_service_app/users/ [] []
[2025-05-15T22:58:26.224599+00:00] APIGateway.INFO: Response from http://user_service_app/users/ [404] [] []
[2025-05-15T22:58:26.960560+00:00] APIGateway.INFO: Gateway received: GET /api/users/ [] []
[2025-05-15T22:58:26.961549+00:00] APIGateway.DEBUG: Checking against '/api/users'. strpos result: MATCH [] []
[2025-05-15T22:58:26.961591+00:00] APIGateway.DEBUG: Checking against '/api/products'. strpos result: NO MATCH [] []
[2025-05-15T22:58:26.961620+00:00] APIGateway.INFO: Routing to UserService: http://user_service_app/users/ [] []
[2025-05-15T22:58:26.962632+00:00] APIGateway.INFO: Response from http://user_service_app/users/ [404] [] []
[2025-05-15T23:00:34.882044+00:00] APIGateway.INFO: Gateway received: GET /api/users/ [] []
[2025-05-15T23:00:34.882788+00:00] APIGateway.DEBUG: Checking against '/api/users'. strpos result: MATCH [] []
[2025-05-15T23:00:34.882841+00:00] APIGateway.DEBUG: Checking against '/api/products'. strpos result: NO MATCH [] []
[2025-05-15T23:00:34.882888+00:00] APIGateway.INFO: Routing to UserService: http://user_service_app/users/ [] []
[2025-05-15T23:00:34.883936+00:00] APIGateway.INFO: Response from http://user_service_app/users/ [404] [] []
[2025-05-15T23:00:35.725140+00:00] APIGateway.INFO: Gateway received: GET /api/users/ [] []
[2025-05-15T23:00:35.726362+00:00] APIGateway.DEBUG: Checking against '/api/users'. strpos result: MATCH [] []
[2025-05-15T23:00:35.726413+00:00] APIGateway.DEBUG: Checking against '/api/products'. strpos result: NO MATCH [] []
[2025-05-15T23:00:35.726451+00:00] APIGateway.INFO: Routing to UserService: http://user_service_app/users/ [] []
[2025-05-15T23:00:35.727612+00:00] APIGateway.INFO: Response from http://user_service_app/users/ [404] [] []
[2025-05-15T23:02:12.108645+00:00] APIGateway.INFO: Gateway received: GET /api/users/ [] []
[2025-05-15T23:02:12.109561+00:00] APIGateway.DEBUG: Checking against '/api/users'. strpos result: MATCH [] []
[2025-05-15T23:02:12.109597+00:00] APIGateway.DEBUG: Checking against '/api/products'. strpos result: NO MATCH [] []
[2025-05-15T23:02:12.109622+00:00] APIGateway.INFO: Routing to UserService: http://user_service_app/users/ [] []
[2025-05-15T23:02:12.110478+00:00] APIGateway.INFO: Response from http://user_service_app/users/ [404] [] []
[2025-05-15T23:02:12.925493+00:00] APIGateway.INFO: Gateway received: GET /api/users/ [] []
[2025-05-15T23:02:12.926203+00:00] APIGateway.DEBUG: Checking against '/api/users'. strpos result: MATCH [] []
[2025-05-15T23:02:12.926232+00:00] APIGateway.DEBUG: Checking against '/api/products'. strpos result: NO MATCH [] []
[2025-05-15T23:02:12.926253+00:00] APIGateway.INFO: Routing to UserService: http://user_service_app/users/ [] []
[2025-05-15T23:02:12.927988+00:00] APIGateway.INFO: Response from http://user_service_app/users/ [404] [] []
[2025-05-15T23:02:13.726622+00:00] APIGateway.INFO: Gateway received: GET /api/users/ [] []
[2025-05-15T23:02:13.727459+00:00] APIGateway.DEBUG: Checking against '/api/users'. strpos result: MATCH [] []
[2025-05-15T23:02:13.727495+00:00] APIGateway.DEBUG: Checking against '/api/products'. strpos result: NO MATCH [] []
[2025-05-15T23:02:13.727520+00:00] APIGateway.INFO: Routing to UserService: http://user_service_app/users/ [] []
[2025-05-15T23:02:13.728913+00:00] APIGateway.INFO: Response from http://user_service_app/users/ [404] [] []
[2025-05-15T23:04:30.800266+00:00] APIGateway.INFO: Gateway received: GET /api/users/ [] []
[2025-05-15T23:04:30.801161+00:00] APIGateway.DEBUG: Checking against '/api/users'. strpos result: MATCH [] []
[2025-05-15T23:04:30.801189+00:00] APIGateway.DEBUG: Checking against '/api/products'. strpos result: NO MATCH [] []
[2025-05-15T23:04:30.801208+00:00] APIGateway.INFO: Routing to UserService: http://user_service_app/users/ [] []
[2025-05-15T23:04:30.877213+00:00] APIGateway.INFO: Response from http://user_service_app/users/ [403] [] []
[2025-05-15T23:04:46.383479+00:00] APIGateway.INFO: Gateway received: POST /api/users [] []
[2025-05-15T23:04:46.384194+00:00] APIGateway.DEBUG: Checking against '/api/users'. strpos result: MATCH [] []
[2025-05-15T23:04:46.384220+00:00] APIGateway.DEBUG: Checking against '/api/products'. strpos result: NO MATCH [] []
[2025-05-15T23:04:46.384238+00:00] APIGateway.INFO: Routing to UserService: http://user_service_app/users [] []
[2025-05-15T23:04:46.605539+00:00] APIGateway.INFO: Response from http://user_service_app/users [201] [] []
