[2025-05-15T19:55:32.244374+00:00] NotificationService.INFO: NotificationService starting... [] []
[2025-05-15T19:55:32.255173+00:00] NotificationService.ERROR: AMQP Consumer Error: stream_socket_client(): Unable to connect to tcp://rabbitmq:5672 (Connection refused) [] []
[2025-05-15T19:55:41.002638+00:00] NotificationService.INFO: NotificationService starting... [] []
[2025-05-15T19:55:41.080245+00:00] NotificationService.INFO: Waiting for messages on 'user_created_queue'. To exit press CTRL+C [] []
[2025-05-15T20:04:32.167035+00:00] NotificationService.INFO: NotificationService starting... [] []
[2025-05-15T20:04:32.199946+00:00] NotificationService.ERROR: AMQP Consumer Error: stream_socket_client(): Unable to connect to tcp://rabbitmq:5672 (Connection refused) [] []
[2025-05-15T20:04:39.115124+00:00] NotificationService.INFO: NotificationService starting... [] []
[2025-05-15T20:04:39.124065+00:00] NotificationService.INFO: Waiting for messages on 'user_created_queue'. To exit press CTRL+C [] []
[2025-05-15T20:19:29.867520+00:00] NotificationService.INFO: NotificationService starting... [] []
[2025-05-15T20:19:29.999102+00:00] NotificationService.ERROR: AMQP Consumer Error: stream_socket_client(): Unable to connect to tcp://rabbitmq:5672 (Connection refused) [] []
[2025-05-15T20:19:38.763768+00:00] NotificationService.INFO: NotificationService starting... [] []
[2025-05-15T20:19:38.913719+00:00] NotificationService.INFO: Waiting for messages on 'user_created_queue'. To exit press CTRL+C [] []
[2025-05-15T20:21:10.838337+00:00] NotificationService.INFO: NotificationService starting... [] []
[2025-05-15T20:21:10.847521+00:00] NotificationService.INFO: Waiting for messages on 'user_created_queue'. To exit press CTRL+C [] []
[2025-05-15T22:34:21.699379+00:00] NotificationService.INFO: NotificationService starting... [] []
[2025-05-15T22:34:21.733411+00:00] NotificationService.INFO: Waiting for messages on 'user_created_queue'. To exit press CTRL+C [] []
[2025-05-15T23:04:00.996166+00:00] NotificationService.INFO: NotificationService starting... [] []
[2025-05-15T23:04:01.005592+00:00] NotificationService.INFO: Waiting for messages on 'user_created_queue'. To exit press CTRL+C [] []
[2025-05-15T23:04:46.606505+00:00] NotificationService.INFO: Received message: {"user_id":"3","email":"new.user@example.com","name":"\u041d\u043e\u0432\u0438\u0439 \u041a\u043e\u0440\u0438\u0441\u0442\u0443\u0432\u0430\u0447"} [] []
[2025-05-15T23:04:46.606642+00:00] NotificationService.INFO: Simulating sending welcome email to: new.user@example.com for user Новий Користувач [] []
[2025-05-16T06:37:02.125230+00:00] NotificationService.INFO: NotificationService starting... [] []
[2025-05-16T06:37:02.198294+00:00] NotificationService.INFO: Waiting for messages on 'user_created_queue'. To exit press CTRL+C [] []
[2025-05-16T07:08:15.523495+00:00] NotificationService.INFO: Received message: {"user_id":"3","email":"super.admin@example.com","name":"\u0421\u0443\u043f\u0435\u0440 \u0410\u0434\u043c\u0456\u043d"} [] []
[2025-05-16T07:08:15.523666+00:00] NotificationService.INFO: Simulating sending welcome email to: super.admin@example.com for user Супер Адмін [] []
[2025-05-16T07:14:28.577251+00:00] NotificationService.INFO: NotificationService starting... [] []
[2025-05-16T07:14:28.593127+00:00] NotificationService.INFO: Waiting for messages on 'user_created_queue'. To exit press CTRL+C [] []
[2025-05-16T08:44:41.077700+00:00] NotificationService.INFO: NotificationService starting... [] []
[2025-05-16T08:44:41.093741+00:00] NotificationService.INFO: Waiting for messages on 'user_created_queue'. To exit press CTRL+C [] []
[2025-05-16T09:00:33.850288+00:00] NotificationService.INFO: NotificationService starting... [] []
[2025-05-16T09:00:33.924118+00:00] NotificationService.INFO: Waiting for messages on 'user_created_queue'. To exit press CTRL+C [] []
